2024-10-17 15:35:08,636 - ERROR - 获取总资产时发生错误: 'balances'
2024-10-17 15:35:08,637 - WARNING - 当前的资产总值为：0，低于设定的最小风控值。
2024-10-17 15:35:08,638 - INFO - 正在取消所有未成交的订单...
2024-10-17 15:35:08,891 - ERROR - 取消未成交订单时发生错误: string indices must be integers, not 'str'
2024-10-17 15:35:08,892 - INFO - 交易已停止。
2024-10-17 15:45:31,241 - ERROR - 获取总资产时发生错误: 'balances'
2024-10-17 15:45:31,242 - WARNING - 当前的资产总值为：0，低于设定的最小风控值。
2024-10-17 15:45:31,244 - INFO - 正在取消所有未成交的订单...
2024-10-17 15:45:31,523 - ERROR - 取消未成交订单时发生错误: string indices must be integers, not 'str'
2024-10-17 15:45:31,534 - INFO - 交易已停止。
2024-10-17 15:47:25,788 - ERROR - 取消未成交订单时发生错误: string indices must be integers, not 'str'
2024-10-17 15:47:26,046 - ERROR - 获取总资产时发生错误: 'balances'
2024-10-17 15:47:26,302 - ERROR - 获取总资产时发生错误: 'balances'
2024-10-17 15:47:26,303 - WARNING - 当前的资产总值为：0，低于设定的最小风控值。
2024-10-17 15:47:26,303 - INFO - 正在取消所有未成交的订单...
2024-10-17 15:47:26,610 - ERROR - 取消未成交订单时发生错误: string indices must be integers, not 'str'
2024-10-17 15:47:26,610 - INFO - 交易已停止。
2024-10-17 15:53:37,330 - INFO - 当前资产总值: 78.495564
2024-10-17 15:53:38,618 - INFO - 当前资产总值: 78.495564
2024-10-17 15:53:39,870 - INFO - 当前资产总值: 78.495564
2024-10-17 15:53:41,145 - INFO - 当前资产总值: 78.495564
2024-10-17 15:53:42,407 - INFO - 当前资产总值: 78.495564
2024-10-17 15:53:43,681 - INFO - 当前资产总值: 78.495564
2024-10-17 15:53:44,935 - INFO - 当前资产总值: 78.495564
2024-10-17 15:53:46,214 - INFO - 当前资产总值: 78.495564
2024-10-17 15:53:47,479 - INFO - 当前资产总值: 78.495564
2024-10-17 15:53:48,741 - INFO - 当前资产总值: 78.495564
2024-10-17 15:53:50,000 - INFO - 当前资产总值: 78.495564
2024-10-17 15:53:51,390 - INFO - 当前资产总值: 78.495564
2024-10-17 15:53:52,652 - INFO - 当前资产总值: 78.495564
2024-10-17 15:53:53,909 - INFO - 当前资产总值: 78.495564
2024-10-17 15:53:55,165 - INFO - 当前资产总值: 78.495564
2024-10-17 15:53:56,446 - INFO - 当前资产总值: 78.495564
2024-10-17 15:53:57,702 - INFO - 当前资产总值: 78.495564
2024-10-17 15:53:58,964 - INFO - 当前资产总值: 78.495564
2024-10-17 15:54:00,215 - INFO - 当前资产总值: 78.495564
2024-10-17 15:58:16,997 - INFO - 当前资产总值: 78.495564
2024-10-17 15:58:18,273 - INFO - 当前资产总值: 78.495564
2024-10-17 15:58:19,538 - INFO - 当前资产总值: 78.495564
2024-10-17 15:58:20,788 - INFO - 当前资产总值: 78.495564
2024-10-17 15:58:22,062 - INFO - 当前资产总值: 78.495564
2024-10-17 16:03:05,205 - INFO - 当前资产总值: 78.495564
2024-10-17 16:03:06,471 - INFO - 当前资产总值: 78.495564
2024-10-17 16:03:07,740 - INFO - 当前资产总值: 78.495564
2024-10-17 16:03:09,019 - INFO - 当前资产总值: 78.495564
2024-10-17 16:03:10,285 - INFO - 当前资产总值: 78.495564
2024-10-17 16:03:12,432 - INFO - 当前资产总值: 78.495564
2024-10-17 16:03:23,021 - ERROR - 获取总资产时发生错误: 'balances'
2024-10-17 16:03:23,021 - WARNING - 当前的资产总值为：0，低于设定的最小风控值。
2024-10-17 16:03:23,022 - INFO - 正在取消所有未成交的订单...
2024-10-17 16:05:20,466 - INFO - 当前资产总值: 78.495564
2024-10-17 16:05:21,705 - INFO - 当前资产总值: 78.495564
2024-10-17 16:05:22,954 - INFO - 当前资产总值: 78.495564
2024-10-17 16:05:24,194 - INFO - 当前资产总值: 78.495564
2024-10-17 16:05:25,462 - INFO - 当前资产总值: 78.495564
2024-10-17 16:05:26,743 - INFO - 当前资产总值: 78.495564
2024-10-17 16:05:28,040 - INFO - 当前资产总值: 78.495564
2024-10-17 16:05:29,315 - INFO - 当前资产总值: 78.495564
2024-10-17 16:05:30,590 - INFO - 当前资产总值: 78.495564
2024-10-17 16:05:31,846 - INFO - 当前资产总值: 78.495564
2024-10-17 16:22:59,487 - INFO - 当前资产总值: 78.495564
2024-10-17 16:23:00,750 - INFO - 当前资产总值: 78.495564
2024-10-17 16:23:02,028 - INFO - 当前资产总值: 78.495564
2024-10-17 16:23:03,291 - INFO - 当前资产总值: 78.495564
2024-10-17 16:23:04,553 - INFO - 当前资产总值: 78.495564
2024-10-17 16:23:05,864 - INFO - 当前资产总值: 78.495564
2024-10-17 16:23:07,206 - INFO - 当前资产总值: 78.495564
2024-10-17 16:23:08,477 - INFO - 当前资产总值: 78.495564
2024-10-17 16:23:09,746 - INFO - 当前资产总值: 78.495564
2024-10-17 16:23:11,015 - INFO - 当前资产总值: 78.495564
2024-10-17 16:25:57,148 - INFO - 当前资产总值: 78.495564
2024-10-17 16:25:58,439 - INFO - 当前资产总值: 78.495564
2024-10-17 16:25:59,698 - INFO - 当前资产总值: 78.495564
2024-10-17 16:26:00,950 - INFO - 当前资产总值: 78.495564
2024-10-17 16:27:06,162 - INFO - 当前资产总值: 78.495564
2024-10-17 16:27:07,437 - INFO - 当前资产总值: 78.495564
2024-10-17 16:27:08,713 - INFO - 当前资产总值: 78.495564
2024-10-17 16:29:58,526 - INFO - 当前资产总值: 78.495564
2024-10-17 16:29:59,791 - INFO - 当前资产总值: 78.495564
2024-10-17 16:30:01,044 - INFO - 当前资产总值: 78.495564
2024-10-17 16:30:29,520 - INFO - 当前资产总值: 78.495564
2024-10-17 16:30:31,424 - INFO - 当前资产总值: 78.495564
2024-10-17 16:30:35,030 - INFO - 当前资产总值: 78.495564
2024-10-17 16:30:37,489 - INFO - 当前资产总值: 78.495564
2024-10-17 16:30:40,353 - INFO - 当前资产总值: 78.495564
2024-10-17 16:30:42,622 - INFO - 当前资产总值: 78.495564
2024-10-17 16:30:44,890 - INFO - 当前资产总值: 78.495564
2024-10-17 16:30:46,162 - INFO - 当前资产总值: 78.495564
2024-10-17 16:30:47,410 - INFO - 当前资产总值: 78.495564
2024-10-17 16:30:48,685 - INFO - 当前资产总值: 78.495564
2024-10-17 16:30:49,940 - INFO - 当前资产总值: 78.495564
2024-10-17 16:30:51,188 - INFO - 当前资产总值: 78.495564
2024-10-17 16:30:52,455 - INFO - 当前资产总值: 78.495564
2024-10-17 16:30:53,699 - INFO - 当前资产总值: 78.495564
2024-10-17 16:30:54,944 - INFO - 当前资产总值: 78.495564
2024-10-17 16:30:57,845 - INFO - 当前资产总值: 78.495564
2024-10-17 16:30:59,134 - INFO - 当前资产总值: 78.495564
2024-10-17 16:31:00,405 - INFO - 当前资产总值: 78.495564
2024-10-17 16:31:01,688 - INFO - 当前资产总值: 78.495564
2024-10-17 16:31:02,945 - INFO - 当前资产总值: 78.495564
2024-10-17 16:31:04,248 - INFO - 当前资产总值: 78.495564
2024-10-17 16:31:05,494 - INFO - 当前资产总值: 78.495564
2024-10-17 16:31:06,763 - INFO - 当前资产总值: 78.495564
2024-10-17 16:31:08,023 - INFO - 当前资产总值: 78.495564
2024-10-17 16:31:09,283 - INFO - 当前资产总值: 78.495564
2024-10-17 16:32:03,712 - INFO - 当前资产总值: 78.495564
2024-10-17 16:32:05,293 - INFO - 当前资产总值: 78.495564
2024-10-17 16:32:06,559 - INFO - 当前资产总值: 78.495564
2024-10-17 16:32:07,840 - INFO - 当前资产总值: 78.495564
2024-10-17 16:32:09,090 - INFO - 当前资产总值: 78.495564
2024-10-17 16:32:10,385 - INFO - 当前资产总值: 78.495564
2024-10-17 16:35:49,703 - INFO - 当前资产总值: 78.495564
2024-10-17 16:35:50,967 - INFO - 当前资产总值: 78.495564
2024-10-17 16:35:52,247 - INFO - 当前资产总值: 78.495564
2024-10-17 16:35:53,512 - INFO - 当前资产总值: 78.495564
2024-10-17 16:35:54,918 - INFO - 当前资产总值: 78.495564
2024-10-17 16:36:52,202 - INFO - 当前资产总值: 78.495564
2024-10-17 16:36:53,470 - INFO - 当前资产总值: 78.495564
2024-10-17 16:36:54,775 - INFO - 当前资产总值: 78.495564
2024-10-17 16:36:56,207 - INFO - 当前资产总值: 78.495564
2024-10-17 16:36:57,475 - INFO - 当前资产总值: 78.495564
2024-10-17 16:36:58,721 - INFO - 当前资产总值: 78.495564
2024-10-17 16:36:59,981 - INFO - 当前资产总值: 78.495564
2024-10-17 16:37:01,267 - INFO - 当前资产总值: 78.495564
2024-10-17 16:37:02,557 - INFO - 当前资产总值: 78.495564
2024-10-17 16:37:03,842 - INFO - 当前资产总值: 78.495564
2024-10-17 16:37:05,100 - INFO - 当前资产总值: 78.495564
2024-10-17 16:37:06,369 - INFO - 当前资产总值: 78.495564
2024-10-17 16:37:07,637 - INFO - 当前资产总值: 78.495564
2024-10-17 16:37:08,906 - INFO - 当前资产总值: 78.495564
2024-10-17 16:37:10,167 - INFO - 当前资产总值: 78.495564
2024-10-17 16:37:11,433 - INFO - 当前资产总值: 78.495564
2024-10-17 16:37:12,682 - INFO - 当前资产总值: 78.495564
2024-10-17 16:37:13,952 - INFO - 当前资产总值: 78.495564
2024-10-17 16:44:05,630 - INFO - 当前资产总值: 78.495564
2024-10-17 16:44:06,895 - INFO - 当前资产总值: 78.495564
2024-10-17 16:44:08,150 - INFO - 当前资产总值: 78.495564
2024-10-17 16:44:09,429 - INFO - 当前资产总值: 78.495564
2024-10-17 16:44:10,700 - INFO - 当前资产总值: 78.495564
2024-10-17 16:44:11,954 - INFO - 当前资产总值: 78.495564
2024-10-17 16:44:13,217 - INFO - 当前资产总值: 78.495564
2024-10-17 16:44:14,481 - INFO - 当前资产总值: 78.495564
2024-10-17 16:44:15,751 - INFO - 当前资产总值: 78.495564
2024-10-17 16:44:17,012 - INFO - 当前资产总值: 78.495564
2024-10-17 16:44:18,278 - INFO - 当前资产总值: 78.495564
2024-10-17 16:44:19,554 - INFO - 当前资产总值: 78.495564
2024-10-17 16:44:20,825 - INFO - 当前资产总值: 78.495564
2024-10-17 16:44:22,075 - INFO - 当前资产总值: 78.495564
2024-10-17 16:44:23,336 - INFO - 当前资产总值: 78.495564
2024-10-17 16:44:24,594 - INFO - 当前资产总值: 78.495564
2024-10-17 16:44:25,863 - INFO - 当前资产总值: 78.495564
2024-10-17 16:44:27,118 - INFO - 当前资产总值: 78.495564
2024-10-17 16:44:28,384 - INFO - 当前资产总值: 78.495564
2024-10-17 16:44:29,645 - INFO - 当前资产总值: 78.495564
2024-10-17 16:44:30,956 - INFO - 当前资产总值: 78.495564
2024-10-17 16:44:32,234 - INFO - 当前资产总值: 78.495564
2024-10-17 16:44:33,492 - INFO - 当前资产总值: 78.495564
2024-10-17 16:44:34,759 - INFO - 当前资产总值: 78.495564
2024-10-17 16:44:36,030 - INFO - 当前资产总值: 78.495564
2024-10-17 16:44:37,301 - INFO - 当前资产总值: 78.495564
2024-10-17 16:44:38,553 - INFO - 当前资产总值: 78.495564
2024-10-17 16:44:39,812 - INFO - 当前资产总值: 78.495564
2024-10-17 16:44:41,087 - INFO - 当前资产总值: 78.495564
2024-10-17 16:44:42,350 - INFO - 当前资产总值: 78.495564
2024-10-17 16:44:43,605 - INFO - 当前资产总值: 78.495564
2024-10-17 16:44:46,850 - INFO - 当前资产总值: 78.495564
2024-10-17 16:44:48,126 - INFO - 当前资产总值: 78.495564
2024-10-17 16:44:49,400 - INFO - 当前资产总值: 78.495564
2024-10-17 16:44:50,665 - INFO - 当前资产总值: 78.495564
2024-10-17 16:44:51,913 - INFO - 当前资产总值: 78.495564
2024-10-17 16:44:53,194 - INFO - 当前资产总值: 78.495564
2024-10-17 16:44:54,473 - INFO - 当前资产总值: 78.495564
2024-10-17 16:44:56,235 - INFO - 当前资产总值: 78.495564
2024-10-17 16:44:58,268 - INFO - 当前资产总值: 78.495564
2024-10-17 16:44:59,872 - INFO - 当前资产总值: 78.495564
2024-10-17 16:45:01,915 - INFO - 当前资产总值: 78.495564
2024-10-17 16:45:06,294 - INFO - 当前资产总值: 78.495564
2024-10-17 16:45:08,305 - INFO - 当前资产总值: 78.495564
2024-10-17 16:45:10,953 - INFO - 当前资产总值: 78.495564
2024-10-17 16:45:12,803 - INFO - 当前资产总值: 78.495564
2024-10-17 16:45:14,489 - INFO - 当前资产总值: 78.495564
2024-10-17 16:45:16,122 - INFO - 当前资产总值: 78.495564
2024-10-17 16:45:18,659 - INFO - 当前资产总值: 78.495564
2024-10-17 16:45:21,359 - INFO - 当前资产总值: 78.495564
2024-10-17 16:45:22,642 - INFO - 当前资产总值: 78.495564
2024-10-17 16:45:23,902 - INFO - 当前资产总值: 78.495564
2024-10-17 16:45:25,148 - INFO - 当前资产总值: 78.495564
2024-10-17 16:45:26,393 - INFO - 当前资产总值: 78.495564
2024-10-17 16:45:27,667 - INFO - 当前资产总值: 78.495564
2024-10-17 16:45:28,949 - INFO - 当前资产总值: 78.495564
2024-10-17 16:45:30,194 - INFO - 当前资产总值: 78.495564
2024-10-17 16:45:31,447 - INFO - 当前资产总值: 78.495564
2024-10-17 16:45:32,702 - INFO - 当前资产总值: 78.495564
2024-10-17 16:45:33,955 - INFO - 当前资产总值: 78.495564
2024-10-17 16:45:35,223 - INFO - 当前资产总值: 78.495564
2024-10-17 16:45:36,471 - INFO - 当前资产总值: 78.495564
2024-10-17 16:45:37,733 - INFO - 当前资产总值: 78.495564
2024-10-17 16:45:38,976 - INFO - 当前资产总值: 78.495564
2024-10-17 16:45:40,237 - INFO - 当前资产总值: 78.495564
2024-10-17 16:45:41,488 - INFO - 当前资产总值: 78.495564
2024-10-17 16:45:42,739 - INFO - 当前资产总值: 78.495564
2024-10-17 16:47:27,928 - INFO - 当前资产总值: 78.495564
2024-10-17 16:47:29,169 - INFO - 当前资产总值: 78.495564
2024-10-17 16:47:30,449 - INFO - 当前资产总值: 78.495564
2024-10-17 16:47:31,721 - INFO - 当前资产总值: 78.495564
2024-10-17 16:47:33,011 - INFO - 当前资产总值: 78.495564
2024-10-17 16:47:34,284 - INFO - 当前资产总值: 78.495564
2024-10-17 16:47:35,547 - INFO - 当前资产总值: 78.495564
2024-10-17 16:47:36,813 - INFO - 当前资产总值: 78.495564
2024-10-17 16:47:38,066 - INFO - 当前资产总值: 78.495564
2024-10-17 16:47:39,306 - INFO - 当前资产总值: 78.495564
2024-10-17 16:47:40,564 - INFO - 当前资产总值: 78.495564
2024-10-17 16:53:32,987 - INFO - 当前资产总值: 78.495564
2024-10-17 16:53:34,258 - INFO - 当前资产总值: 78.495564
2024-10-17 16:53:35,515 - INFO - 当前资产总值: 78.495564
2024-10-17 16:53:36,778 - INFO - 当前资产总值: 78.495564
2024-10-17 16:53:38,036 - INFO - 当前资产总值: 78.495564
2024-10-17 16:53:39,288 - INFO - 当前资产总值: 78.495564
2024-10-17 16:53:40,550 - INFO - 当前资产总值: 78.495564
2024-10-17 16:53:41,829 - INFO - 当前资产总值: 78.495564
2024-10-17 16:53:43,114 - INFO - 当前资产总值: 78.495564
2024-10-17 16:53:44,378 - INFO - 当前资产总值: 78.495564
2024-10-17 16:53:45,619 - INFO - 当前资产总值: 78.495564
2024-10-17 17:02:05,547 - INFO - 当前资产总值: 78.495564
2024-10-17 17:02:06,778 - INFO - 当前资产总值: 10.501064
2024-10-17 17:02:06,778 - WARNING - 当前的资产总值为：10.501064，低于设定的最小风控值。
2024-10-17 17:02:06,780 - INFO - 正在取消所有未成交的订单...
2024-10-17 17:02:07,348 - INFO - 订单 658402263 已取消。
2024-10-17 17:02:07,645 - INFO - 订单 658402269 已取消。
2024-10-17 17:02:07,891 - INFO - 订单 658402283 已取消。
2024-10-17 17:02:08,186 - INFO - 订单 658402287 已取消。
2024-10-17 17:02:08,473 - INFO - 订单 658402290 已取消。
2024-10-17 17:02:08,743 - INFO - 订单 658402296 已取消。
2024-10-17 17:02:08,744 - INFO - 交易已停止。
2024-10-17 17:37:44,573 - ERROR - 获取总资产时发生错误: 'balances'
2024-10-17 17:37:44,573 - WARNING - 当前的资产总值为：0，低于设定的最小风控值。
2024-10-17 17:37:44,573 - INFO - 正在取消所有未成交的订单...
2024-10-17 17:37:44,845 - ERROR - 取消未成交订单时发生错误: string indices must be integers, not 'str'
2024-10-17 17:37:44,845 - INFO - 交易已停止。
2024-10-17 17:46:33,862 - INFO - 当前资产总值: 83.495564
2024-10-17 17:46:35,422 - ERROR - 获取总资产时发生错误: can't multiply sequence by non-int of type 'str'
2024-10-17 17:46:35,422 - WARNING - 当前的资产总值为：0，低于设定的最小风控值。
2024-10-17 17:46:35,422 - INFO - 正在取消所有未成交的订单...
2024-10-17 17:46:35,972 - INFO - 订单 658436969 已取消。
2024-10-17 17:46:36,245 - INFO - 订单 658436974 已取消。
2024-10-17 17:46:36,519 - INFO - 订单 658436986 已取消。
2024-10-17 17:46:36,789 - INFO - 订单 658436992 已取消。
2024-10-17 17:46:37,063 - INFO - 订单 658437008 已取消。
2024-10-17 17:46:37,064 - INFO - 交易已停止。
2024-10-17 18:02:55,360 - INFO - 当前资产总值: 83.495564
2024-10-17 18:02:56,843 - INFO - 当前资产总值: 83.495564
2024-10-17 18:02:58,382 - INFO - 当前资产总值: 83.495564
2024-10-17 18:02:59,910 - INFO - 当前资产总值: 83.495564
2024-10-17 18:17:37,895 - INFO - 当前资产总值: 88.496564
2024-10-17 18:17:39,443 - INFO - 当前资产总值: 83.495564
2024-10-17 18:17:41,001 - INFO - 当前资产总值: 83.495564
2024-10-17 18:17:42,580 - INFO - 当前资产总值: 83.495564
2024-10-17 18:17:44,138 - INFO - 当前资产总值: 83.495564
2024-10-17 18:17:45,741 - INFO - 当前资产总值: 83.495564
2024-10-17 18:17:47,271 - INFO - 当前资产总值: 83.495564
2024-10-17 18:17:48,819 - INFO - 当前资产总值: 83.495564
2024-10-17 18:17:50,354 - INFO - 当前资产总值: 83.495564
2024-10-17 18:17:51,899 - INFO - 当前资产总值: 83.495564
2024-10-17 18:17:53,442 - INFO - 当前资产总值: 83.495564
2024-10-17 18:17:55,006 - INFO - 当前资产总值: 83.495564
2024-10-17 18:17:56,584 - INFO - 当前资产总值: 83.495564
2024-10-17 18:17:58,127 - INFO - 当前资产总值: 83.495564
2024-10-17 18:17:59,697 - INFO - 当前资产总值: 83.495564
2024-10-17 18:18:01,243 - INFO - 当前资产总值: 83.495564
2024-10-17 18:18:02,808 - INFO - 当前资产总值: 83.495564
2024-10-17 18:18:04,367 - INFO - 当前资产总值: 83.495564
2024-10-17 18:18:05,925 - INFO - 当前资产总值: 83.495564
2024-10-17 18:18:07,481 - INFO - 当前资产总值: 83.495564
2024-10-17 18:18:09,014 - INFO - 当前资产总值: 83.495564
2024-10-17 18:18:10,543 - INFO - 当前资产总值: 83.495564
2024-10-17 18:18:12,093 - INFO - 当前资产总值: 83.495564
2024-10-17 18:18:13,706 - INFO - 当前资产总值: 83.495564
2024-10-17 18:18:15,294 - INFO - 当前资产总值: 83.495564
2024-10-17 18:18:16,875 - INFO - 当前资产总值: 83.495564
2024-10-17 18:18:18,451 - INFO - 当前资产总值: 83.495564
2024-10-17 18:18:20,011 - INFO - 当前资产总值: 83.495564
2024-10-17 18:18:21,533 - INFO - 当前资产总值: 83.495564
2024-10-17 18:18:23,079 - INFO - 当前资产总值: 83.495564
2024-10-17 18:18:24,658 - INFO - 当前资产总值: 83.495564
2024-10-17 18:18:26,253 - INFO - 当前资产总值: 83.495564
2024-10-17 18:18:27,780 - INFO - 当前资产总值: 83.495564
2024-10-17 18:18:29,317 - INFO - 当前资产总值: 83.495564
2024-10-17 18:18:30,849 - INFO - 当前资产总值: 83.495564
2024-10-17 18:27:16,465 - INFO - 当前资产总值: 88.496564
2024-10-17 18:27:18,023 - INFO - 当前资产总值: 83.495564
2024-10-17 18:27:19,584 - INFO - 当前资产总值: 83.495564
2024-10-17 18:27:21,152 - INFO - 当前资产总值: 83.495564
2024-10-17 18:27:22,685 - INFO - 当前资产总值: 83.495564
2024-10-17 18:27:24,283 - INFO - 当前资产总值: 83.495564
2024-10-17 18:27:25,842 - INFO - 当前资产总值: 83.495564
2024-10-17 18:27:27,401 - INFO - 当前资产总值: 83.495564
2024-10-17 18:27:28,948 - INFO - 当前资产总值: 83.495564
2024-10-17 18:27:30,506 - INFO - 当前资产总值: 83.495564
2024-10-17 18:27:32,061 - INFO - 当前资产总值: 83.495564
2024-10-17 18:27:33,621 - INFO - 当前资产总值: 83.495564
2024-10-17 18:27:35,163 - INFO - 当前资产总值: 83.495564
2024-10-17 18:27:36,728 - INFO - 当前资产总值: 83.495564
2024-10-17 18:27:38,283 - INFO - 当前资产总值: 83.495564
2024-10-17 18:27:39,862 - INFO - 当前资产总值: 83.495564
2024-10-17 18:27:41,399 - INFO - 当前资产总值: 83.495564
2024-10-17 18:27:42,972 - INFO - 当前资产总值: 83.495564
2024-10-17 18:27:44,540 - INFO - 当前资产总值: 83.495564
2024-10-17 18:27:46,113 - INFO - 当前资产总值: 83.495564
2024-10-17 18:27:47,648 - INFO - 当前资产总值: 83.495564
2024-10-17 18:27:49,211 - INFO - 当前资产总值: 83.495564
2024-10-17 18:27:50,778 - INFO - 当前资产总值: 83.495564
2024-10-17 18:27:52,354 - INFO - 当前资产总值: 83.495564
2024-10-17 18:27:53,909 - INFO - 当前资产总值: 83.495564
2024-10-17 18:27:55,513 - INFO - 当前资产总值: 83.495564
2024-10-17 18:27:57,066 - INFO - 当前资产总值: 83.495564
2024-10-17 18:27:58,622 - INFO - 当前资产总值: 83.495564
2024-10-17 18:28:00,184 - INFO - 当前资产总值: 83.495564
2024-10-17 18:28:01,730 - INFO - 当前资产总值: 83.495564
2024-10-17 18:28:03,297 - INFO - 当前资产总值: 83.495564
2024-10-17 18:28:04,847 - INFO - 当前资产总值: 83.495564
2024-10-17 18:28:06,415 - INFO - 当前资产总值: 83.495564
2024-10-17 18:28:07,997 - INFO - 当前资产总值: 83.495564
2024-10-17 18:28:09,564 - INFO - 当前资产总值: 83.495564
2024-10-17 18:28:11,101 - INFO - 当前资产总值: 83.495564
2024-10-17 18:28:12,664 - INFO - 当前资产总值: 83.495564
2024-10-17 18:28:14,286 - INFO - 当前资产总值: 83.495564
2024-10-17 18:28:19,026 - INFO - 当前资产总值: 83.495564
2024-10-17 18:28:22,058 - INFO - 当前资产总值: 83.495564
2024-10-17 18:28:24,613 - INFO - 当前资产总值: 83.495564
2024-10-17 18:28:27,200 - INFO - 当前资产总值: 83.495564
2024-10-17 18:28:30,198 - INFO - 当前资产总值: 83.495564
2024-10-17 18:28:34,385 - INFO - 当前资产总值: 83.495564
2024-10-17 18:28:39,660 - INFO - 当前资产总值: 83.495564
2024-10-17 18:28:41,662 - INFO - 当前资产总值: 83.495564
2024-10-17 18:28:45,348 - INFO - 当前资产总值: 83.495564
2024-10-17 18:28:47,883 - INFO - 当前资产总值: 83.495564
2024-10-17 18:28:50,197 - INFO - 当前资产总值: 83.495564
2024-10-17 18:28:52,728 - INFO - 当前资产总值: 83.495564
2024-10-17 18:29:00,944 - ERROR - 获取总资产时发生错误: string indices must be integers, not 'str'
2024-10-17 18:29:00,945 - WARNING - 当前的资产总值为：0，低于设定的最小风控值。
2024-10-17 18:29:00,945 - INFO - 正在取消所有未成交的订单...
2024-10-17 18:29:02,520 - INFO - 订单 658469106 已取消。
2024-10-17 18:29:04,170 - INFO - 订单 658469108 已取消。
2024-10-17 18:29:06,504 - INFO - 订单 658469112 已取消。
2024-10-17 18:29:22,253 - INFO - 订单 658469119 已取消。
2024-10-17 18:29:24,040 - INFO - 订单 658469123 已取消。
2024-10-17 18:29:25,318 - INFO - 订单 658469128 已取消。
2024-10-17 18:29:25,319 - INFO - 交易已停止。
2024-10-17 18:53:18,565 - INFO - 当前资产总值: 88.496564
2024-10-17 18:53:20,110 - INFO - 当前资产总值: 83.495564
2024-10-17 18:53:21,637 - INFO - 当前资产总值: 83.495564
2024-10-17 18:53:23,176 - INFO - 当前资产总值: 83.495564
2024-10-17 18:53:24,679 - INFO - 当前资产总值: 83.495564
2024-10-17 18:53:26,197 - INFO - 当前资产总值: 83.495564
2024-10-17 18:53:27,731 - INFO - 当前资产总值: 83.495564
2024-10-17 18:53:29,241 - INFO - 当前资产总值: 83.495564
2024-10-17 18:53:30,889 - INFO - 当前资产总值: 83.495564
2024-10-17 18:53:34,630 - INFO - 当前资产总值: 83.495564
2024-10-17 18:53:36,112 - INFO - 当前资产总值: 83.495564
2024-10-17 18:53:40,889 - INFO - 当前资产总值: 83.495564
2024-10-17 18:53:42,790 - INFO - 当前资产总值: 83.495564
2024-10-17 18:53:44,357 - INFO - 当前资产总值: 83.495564
2024-10-17 18:53:45,864 - INFO - 当前资产总值: 83.495564
2024-10-17 18:53:47,400 - INFO - 当前资产总值: 83.495564
2024-10-17 18:53:48,880 - INFO - 当前资产总值: 83.495564
2024-10-17 18:53:50,422 - INFO - 当前资产总值: 83.495564
2024-10-17 18:53:51,928 - INFO - 当前资产总值: 83.495564
2024-10-17 18:53:53,456 - INFO - 当前资产总值: 83.495564
2024-10-17 18:53:54,960 - INFO - 当前资产总值: 83.495564
2024-10-17 18:53:56,496 - INFO - 当前资产总值: 83.495564
2024-10-17 18:53:58,009 - INFO - 当前资产总值: 83.495564
2024-10-17 18:53:59,506 - INFO - 当前资产总值: 83.495564
2024-10-17 18:54:01,074 - INFO - 当前资产总值: 83.495564
2024-10-17 18:54:02,625 - INFO - 当前资产总值: 83.495564
2024-10-17 18:54:04,133 - INFO - 当前资产总值: 83.495564
2024-10-17 18:54:05,654 - INFO - 当前资产总值: 83.495564
2024-10-17 18:54:07,155 - INFO - 当前资产总值: 83.495564
2024-10-17 18:54:08,674 - INFO - 当前资产总值: 83.495564
2024-10-17 18:54:10,173 - INFO - 当前资产总值: 83.495564
2024-10-17 18:54:11,710 - INFO - 当前资产总值: 83.495564
2024-10-17 18:54:13,238 - INFO - 当前资产总值: 83.495564
2024-10-17 18:54:14,761 - INFO - 当前资产总值: 83.495564
2024-10-17 18:54:16,291 - INFO - 当前资产总值: 83.495564
2024-10-17 18:54:17,815 - INFO - 当前资产总值: 83.495564
2024-10-17 18:54:19,348 - INFO - 当前资产总值: 83.495564
2024-10-17 18:54:20,863 - INFO - 当前资产总值: 83.495564
2024-10-17 18:54:22,391 - INFO - 当前资产总值: 83.495564
2024-10-17 18:54:23,917 - INFO - 当前资产总值: 83.495564
2024-10-17 18:54:25,424 - INFO - 当前资产总值: 83.495564
2024-10-17 18:54:26,928 - INFO - 当前资产总值: 83.495564
2024-10-17 18:54:28,473 - INFO - 当前资产总值: 83.495564
2024-10-17 18:54:29,985 - INFO - 当前资产总值: 83.495564
2024-10-17 18:54:31,524 - INFO - 当前资产总值: 83.495564
2024-10-17 18:54:33,036 - INFO - 当前资产总值: 83.495564
2024-10-17 18:54:34,574 - INFO - 当前资产总值: 83.495564
2024-10-17 18:54:37,097 - INFO - 当前资产总值: 83.495564
2024-10-17 18:54:38,614 - INFO - 当前资产总值: 83.495564
2024-10-17 18:54:40,131 - INFO - 当前资产总值: 83.495564
2024-10-17 18:54:41,670 - INFO - 当前资产总值: 83.495564
2024-10-17 18:54:43,189 - INFO - 当前资产总值: 83.495564
2024-10-17 18:54:44,708 - INFO - 当前资产总值: 83.495564
2024-10-17 18:54:46,770 - INFO - 当前资产总值: 83.495564
2024-10-17 18:54:48,297 - INFO - 当前资产总值: 83.495564
2024-10-17 18:54:49,827 - INFO - 当前资产总值: 83.495564
2024-10-17 18:54:51,345 - INFO - 当前资产总值: 83.495564
2024-10-17 18:54:52,886 - INFO - 当前资产总值: 83.495564
2024-10-17 18:54:54,388 - INFO - 当前资产总值: 83.495564
2024-10-17 18:54:55,920 - INFO - 当前资产总值: 83.495564
2024-10-17 18:54:57,440 - INFO - 当前资产总值: 83.495564
2024-10-17 18:54:59,000 - INFO - 当前资产总值: 83.495564
2024-10-17 18:55:00,516 - INFO - 当前资产总值: 83.495564
