2024-10-17 15:35:09,926 - ERROR - 检查订单状态时发生错误: Binance.get_order_status() missing 1 required positional argument: 'order_id'
2024-10-17 15:35:09,928 - ERROR - 逻辑交易过程中发生错误: 'status'
2024-10-17 15:45:32,581 - ERROR - 检查订单状态时发生错误: Binance.get_order_status() missing 1 required positional argument: 'order_id'
2024-10-17 15:45:32,582 - ERROR - 逻辑交易过程中发生错误: 'status'
2024-10-17 15:53:38,715 - ERROR - 检查订单状态时发生错误: Binance.get_order_status() missing 1 required positional argument: 'order_id'
2024-10-17 15:53:38,716 - ERROR - 逻辑交易过程中发生错误: 'status'
2024-10-17 15:58:18,345 - ERROR - 检查订单状态时发生错误: Binance.get_order_status() missing 1 required positional argument: 'order_id'
2024-10-17 15:58:18,355 - ERROR - 逻辑交易过程中发生错误: 'status'
2024-10-17 16:03:06,472 - ERROR - 检查订单状态时发生错误: Binance.get_order_status() missing 1 required positional argument: 'order_id'
2024-10-17 16:03:06,473 - ERROR - 逻辑交易过程中发生错误: 'status'
2024-10-17 16:05:21,844 - ERROR - 检查订单状态时发生错误: Binance.get_order_status() missing 1 required positional argument: 'order_id'
2024-10-17 16:05:21,844 - ERROR - 逻辑交易过程中发生错误: 'status'
2024-10-17 16:22:59,172 - ERROR - 创建订单时发生错误: cannot access local variable 'order_id' where it is not associated with a value
2024-10-17 16:22:59,172 - ERROR - 创建订单时发生错误: cannot access local variable 'order_id' where it is not associated with a value
2024-10-17 16:22:59,172 - ERROR - 创建订单时发生错误: cannot access local variable 'order_id' where it is not associated with a value
2024-10-17 16:22:59,172 - ERROR - 创建订单时发生错误: cannot access local variable 'order_id' where it is not associated with a value
2024-10-17 16:22:59,172 - ERROR - 创建订单时发生错误: cannot access local variable 'order_id' where it is not associated with a value
2024-10-17 16:22:59,172 - ERROR - 创建订单时发生错误: cannot access local variable 'order_id' where it is not associated with a value
2024-10-17 16:25:56,755 - ERROR - 创建订单时发生错误: cannot access local variable 'order_id' where it is not associated with a value
2024-10-17 16:25:56,755 - ERROR - 创建订单时发生错误: cannot access local variable 'order_id' where it is not associated with a value
2024-10-17 16:25:56,755 - ERROR - 创建订单时发生错误: cannot access local variable 'order_id' where it is not associated with a value
2024-10-17 16:25:56,755 - ERROR - 创建订单时发生错误: cannot access local variable 'order_id' where it is not associated with a value
2024-10-17 16:25:56,755 - ERROR - 创建订单时发生错误: cannot access local variable 'order_id' where it is not associated with a value
2024-10-17 16:25:56,755 - ERROR - 创建订单时发生错误: cannot access local variable 'order_id' where it is not associated with a value
2024-10-17 16:27:05,892 - ERROR - 创建订单时发生错误: cannot access local variable 'order_id' where it is not associated with a value
2024-10-17 16:27:05,892 - ERROR - 创建订单时发生错误: cannot access local variable 'order_id' where it is not associated with a value
2024-10-17 16:27:05,892 - ERROR - 创建订单时发生错误: cannot access local variable 'order_id' where it is not associated with a value
2024-10-17 16:27:05,892 - ERROR - 创建订单时发生错误: cannot access local variable 'order_id' where it is not associated with a value
2024-10-17 16:27:05,892 - ERROR - 创建订单时发生错误: cannot access local variable 'order_id' where it is not associated with a value
2024-10-17 16:27:05,892 - ERROR - 创建订单时发生错误: cannot access local variable 'order_id' where it is not associated with a value
2024-10-17 16:29:58,247 - ERROR - 创建订单时发生错误: cannot access local variable 'order_id' where it is not associated with a value
2024-10-17 16:29:58,247 - ERROR - 创建订单时发生错误: cannot access local variable 'order_id' where it is not associated with a value
2024-10-17 16:29:58,247 - ERROR - 创建订单时发生错误: cannot access local variable 'order_id' where it is not associated with a value
2024-10-17 16:29:58,247 - ERROR - 创建订单时发生错误: cannot access local variable 'order_id' where it is not associated with a value
2024-10-17 16:29:58,247 - ERROR - 创建订单时发生错误: cannot access local variable 'order_id' where it is not associated with a value
2024-10-17 16:29:58,248 - ERROR - 创建订单时发生错误: cannot access local variable 'order_id' where it is not associated with a value
2024-10-17 16:30:28,443 - ERROR - 创建订单时发生错误: cannot access local variable 'order_id' where it is not associated with a value
2024-10-17 16:30:28,443 - ERROR - 创建订单时发生错误: cannot access local variable 'order_id' where it is not associated with a value
2024-10-17 16:30:28,443 - ERROR - 创建订单时发生错误: cannot access local variable 'order_id' where it is not associated with a value
2024-10-17 16:30:28,443 - ERROR - 创建订单时发生错误: cannot access local variable 'order_id' where it is not associated with a value
2024-10-17 16:30:28,443 - ERROR - 创建订单时发生错误: cannot access local variable 'order_id' where it is not associated with a value
2024-10-17 16:30:28,443 - ERROR - 创建订单时发生错误: cannot access local variable 'order_id' where it is not associated with a value
2024-10-17 16:30:57,474 - ERROR - 创建订单时发生错误: cannot access local variable 'order_id' where it is not associated with a value
2024-10-17 16:30:57,475 - ERROR - 创建订单时发生错误: cannot access local variable 'order_id' where it is not associated with a value
2024-10-17 16:30:57,475 - ERROR - 创建订单时发生错误: cannot access local variable 'order_id' where it is not associated with a value
2024-10-17 16:30:57,475 - ERROR - 创建订单时发生错误: cannot access local variable 'order_id' where it is not associated with a value
2024-10-17 16:30:57,475 - ERROR - 创建订单时发生错误: cannot access local variable 'order_id' where it is not associated with a value
2024-10-17 16:30:57,475 - ERROR - 创建订单时发生错误: cannot access local variable 'order_id' where it is not associated with a value
2024-10-17 16:32:03,332 - ERROR - 创建订单时发生错误: cannot access local variable 'order_id' where it is not associated with a value
2024-10-17 16:32:03,332 - ERROR - 创建订单时发生错误: cannot access local variable 'order_id' where it is not associated with a value
2024-10-17 16:32:03,332 - ERROR - 创建订单时发生错误: cannot access local variable 'order_id' where it is not associated with a value
2024-10-17 16:32:03,332 - ERROR - 创建订单时发生错误: cannot access local variable 'order_id' where it is not associated with a value
2024-10-17 16:32:03,332 - ERROR - 创建订单时发生错误: cannot access local variable 'order_id' where it is not associated with a value
2024-10-17 16:32:03,332 - ERROR - 创建订单时发生错误: cannot access local variable 'order_id' where it is not associated with a value
2024-10-17 16:35:49,372 - ERROR - 创建订单时发生错误: cannot access local variable 'order_id' where it is not associated with a value
2024-10-17 16:35:49,372 - ERROR - 创建订单时发生错误: cannot access local variable 'order_id' where it is not associated with a value
2024-10-17 16:35:49,372 - ERROR - 创建订单时发生错误: cannot access local variable 'order_id' where it is not associated with a value
2024-10-17 16:35:49,372 - ERROR - 创建订单时发生错误: cannot access local variable 'order_id' where it is not associated with a value
2024-10-17 16:35:49,372 - ERROR - 创建订单时发生错误: cannot access local variable 'order_id' where it is not associated with a value
2024-10-17 16:35:49,372 - ERROR - 创建订单时发生错误: cannot access local variable 'order_id' where it is not associated with a value
2024-10-17 16:36:51,937 - ERROR - 创建订单时发生错误: cannot access local variable 'order_id' where it is not associated with a value
2024-10-17 16:36:51,937 - ERROR - 创建订单时发生错误: cannot access local variable 'order_id' where it is not associated with a value
2024-10-17 16:36:51,937 - ERROR - 创建订单时发生错误: cannot access local variable 'order_id' where it is not associated with a value
2024-10-17 16:36:51,937 - ERROR - 创建订单时发生错误: cannot access local variable 'order_id' where it is not associated with a value
2024-10-17 16:36:51,937 - ERROR - 创建订单时发生错误: cannot access local variable 'order_id' where it is not associated with a value
2024-10-17 16:36:51,937 - ERROR - 创建订单时发生错误: cannot access local variable 'order_id' where it is not associated with a value
2024-10-17 16:44:46,578 - ERROR - 创建订单时发生错误: cannot access local variable 'order_id' where it is not associated with a value
2024-10-17 16:44:46,578 - ERROR - 创建订单时发生错误: cannot access local variable 'order_id' where it is not associated with a value
2024-10-17 16:44:46,578 - ERROR - 创建订单时发生错误: cannot access local variable 'order_id' where it is not associated with a value
2024-10-17 16:44:46,579 - ERROR - 创建订单时发生错误: cannot access local variable 'order_id' where it is not associated with a value
2024-10-17 16:44:46,579 - ERROR - 创建订单时发生错误: cannot access local variable 'order_id' where it is not associated with a value
2024-10-17 16:44:46,579 - ERROR - 创建订单时发生错误: cannot access local variable 'order_id' where it is not associated with a value
2024-10-17 17:02:05,558 - INFO - 已创建 买入 订单，价格: 1.0002，数量: 5, 订单ID: 658402263
2024-10-17 17:02:05,864 - INFO - 已创建 买入 订单，价格: 1.0001，数量: 15, 订单ID: 658402269
2024-10-17 17:02:06,204 - INFO - 已创建 买入 订单，价格: 0.9999，数量: 24, 订单ID: 658402283
2024-10-17 17:02:06,493 - INFO - 已创建 买入 订单，价格: 0.9998，数量: 16, 订单ID: 658402287
2024-10-17 17:02:06,766 - INFO - 已创建 买入 订单，价格: 0.9997，数量: 8, 订单ID: 658402290
2024-10-17 17:02:07,034 - INFO - 已创建 买入 订单，价格: 0.9996，数量: 8, 订单ID: 658402296
2024-10-17 17:02:07,037 - ERROR - 检查订单状态时发生错误: Binance.get_order_status() missing 1 required positional argument: 'order_id'
2024-10-17 17:02:07,038 - ERROR - 逻辑交易过程中发生错误: 'status'
2024-10-17 17:46:33,865 - INFO - 已创建 买入 订单，价格: 1.0001，数量: 15, 订单ID: 658436969
2024-10-17 17:46:34,125 - INFO - 已创建 买入 订单，价格: 0.9999，数量: 24, 订单ID: 658436974
2024-10-17 17:46:34,402 - INFO - 已创建 买入 订单，价格: 0.9998，数量: 16, 订单ID: 658436986
2024-10-17 17:46:34,668 - INFO - 已创建 买入 订单，价格: 0.9997，数量: 8, 订单ID: 658436992
2024-10-17 17:46:34,951 - INFO - 已创建 买入 订单，价格: 0.9996，数量: 8, 订单ID: 658437008
2024-10-17 17:46:34,953 - ERROR - 检查订单状态时发生错误: Binance.get_order_status() missing 1 required positional argument: 'order_id'
2024-10-17 17:46:34,954 - ERROR - 逻辑交易过程中发生错误: 'status'
2024-10-17 18:02:55,385 - INFO - 已创建 买入 订单，价格: 1.0001，数量: 16.0, 订单ID: 658448921
2024-10-17 18:02:55,649 - INFO - 已创建 买入 订单，价格: 0.9999，数量: 24, 订单ID: 658448923
2024-10-17 18:02:55,923 - INFO - 已创建 买入 订单，价格: 0.9998，数量: 16, 订单ID: 658448928
2024-10-17 18:02:56,178 - INFO - 已创建 买入 订单，价格: 0.9997，数量: 8, 订单ID: 658448931
2024-10-17 18:02:56,445 - INFO - 已创建 买入 订单，价格: 0.9996，数量: 8, 订单ID: 658448934
2024-10-17 18:02:56,449 - ERROR - 检查订单状态时发生错误: Binance.get_order_status() missing 1 required positional argument: 'order_id'
2024-10-17 18:02:56,449 - ERROR - 逻辑交易过程中发生错误: 'status'
2024-10-17 18:17:37,591 - INFO - 已创建 买入 订单，价格: 1.0002，数量: 5, 订单ID: 658461276
2024-10-17 18:17:37,896 - INFO - 已创建 买入 订单，价格: 1.0001，数量: 16, 订单ID: 658461281
2024-10-17 18:17:38,258 - INFO - 已创建 买入 订单，价格: 0.9999，数量: 24, 订单ID: 658461284
2024-10-17 18:17:38,550 - INFO - 已创建 买入 订单，价格: 0.9998，数量: 16, 订单ID: 658461290
2024-10-17 18:17:38,840 - INFO - 已创建 买入 订单，价格: 0.9997，数量: 8, 订单ID: 658461303
2024-10-17 18:17:39,119 - INFO - 已创建 买入 订单，价格: 0.9996，数量: 8, 订单ID: 658461305
2024-10-17 18:17:39,124 - ERROR - 检查订单状态时发生错误: Binance.get_order_status() missing 1 required positional argument: 'order_id'
2024-10-17 18:17:39,125 - ERROR - 逻辑交易过程中发生错误: 'status'
2024-10-17 18:27:16,165 - INFO - 已创建 买入 订单，价格: 1.0002，数量: 5, 订单ID: 658469106
2024-10-17 18:27:16,461 - INFO - 已创建 买入 订单，价格: 1.0001，数量: 16, 订单ID: 658469108
2024-10-17 18:27:16,755 - INFO - 已创建 买入 订单，价格: 0.9999，数量: 24, 订单ID: 658469112
2024-10-17 18:27:17,046 - INFO - 已创建 买入 订单，价格: 0.9998，数量: 16, 订单ID: 658469119
2024-10-17 18:27:17,310 - INFO - 已创建 买入 订单，价格: 0.9997，数量: 8, 订单ID: 658469123
2024-10-17 18:27:17,585 - INFO - 已创建 买入 订单，价格: 0.9996，数量: 8, 订单ID: 658469128
2024-10-17 18:27:17,894 - INFO - 订单 658469106 状态: NEW
2024-10-17 18:27:18,182 - INFO - 订单 658469108 状态: NEW
2024-10-17 18:27:18,453 - INFO - 订单 658469112 状态: NEW
2024-10-17 18:27:18,741 - INFO - 订单 658469119 状态: NEW
2024-10-17 18:27:19,015 - INFO - 订单 658469123 状态: NEW
2024-10-17 18:27:19,304 - INFO - 订单 658469128 状态: NEW
2024-10-17 18:27:19,700 - INFO - 订单 658469106 状态: NEW
2024-10-17 18:27:19,981 - INFO - 订单 658469108 状态: NEW
2024-10-17 18:27:20,262 - INFO - 订单 658469112 状态: NEW
2024-10-17 18:27:20,542 - INFO - 订单 658469119 状态: NEW
2024-10-17 18:27:20,809 - INFO - 订单 658469123 状态: NEW
2024-10-17 18:27:21,102 - INFO - 订单 658469128 状态: NEW
2024-10-17 18:27:21,485 - INFO - 订单 658469106 状态: NEW
2024-10-17 18:27:21,757 - INFO - 订单 658469108 状态: NEW
2024-10-17 18:27:22,039 - INFO - 订单 658469112 状态: NEW
2024-10-17 18:27:22,316 - INFO - 订单 658469119 状态: NEW
2024-10-17 18:27:22,600 - INFO - 订单 658469123 状态: NEW
2024-10-17 18:27:22,879 - INFO - 订单 658469128 状态: NEW
2024-10-17 18:27:23,275 - INFO - 订单 658469106 状态: NEW
2024-10-17 18:27:23,547 - INFO - 订单 658469108 状态: NEW
2024-10-17 18:27:23,806 - INFO - 订单 658469112 状态: NEW
2024-10-17 18:27:24,091 - INFO - 订单 658469119 状态: NEW
2024-10-17 18:27:24,390 - INFO - 订单 658469123 状态: NEW
2024-10-17 18:27:24,676 - INFO - 订单 658469128 状态: NEW
2024-10-17 18:27:25,048 - INFO - 订单 658469106 状态: NEW
2024-10-17 18:27:25,330 - INFO - 订单 658469108 状态: NEW
2024-10-17 18:27:25,584 - INFO - 订单 658469112 状态: NEW
2024-10-17 18:27:25,860 - INFO - 订单 658469119 状态: NEW
2024-10-17 18:27:26,142 - INFO - 订单 658469123 状态: NEW
2024-10-17 18:27:26,418 - INFO - 订单 658469128 状态: NEW
2024-10-17 18:27:26,811 - INFO - 订单 658469106 状态: NEW
2024-10-17 18:27:27,105 - INFO - 订单 658469108 状态: NEW
2024-10-17 18:27:27,367 - INFO - 订单 658469112 状态: NEW
2024-10-17 18:27:27,653 - INFO - 订单 658469119 状态: NEW
2024-10-17 18:27:27,924 - INFO - 订单 658469123 状态: NEW
2024-10-17 18:27:28,189 - INFO - 订单 658469128 状态: NEW
2024-10-17 18:27:28,569 - INFO - 订单 658469106 状态: NEW
2024-10-17 18:27:28,854 - INFO - 订单 658469108 状态: NEW
2024-10-17 18:27:29,113 - INFO - 订单 658469112 状态: NEW
2024-10-17 18:27:29,407 - INFO - 订单 658469119 状态: NEW
2024-10-17 18:27:29,717 - INFO - 订单 658469123 状态: NEW
2024-10-17 18:27:29,992 - INFO - 订单 658469128 状态: NEW
2024-10-17 18:27:30,366 - INFO - 订单 658469106 状态: NEW
2024-10-17 18:27:30,638 - INFO - 订单 658469108 状态: NEW
2024-10-17 18:27:30,898 - INFO - 订单 658469112 状态: NEW
2024-10-17 18:27:31,185 - INFO - 订单 658469119 状态: NEW
2024-10-17 18:27:31,468 - INFO - 订单 658469123 状态: NEW
2024-10-17 18:27:31,748 - INFO - 订单 658469128 状态: NEW
2024-10-17 18:27:32,124 - INFO - 订单 658469106 状态: NEW
2024-10-17 18:27:32,405 - INFO - 订单 658469108 状态: NEW
2024-10-17 18:27:32,677 - INFO - 订单 658469112 状态: NEW
2024-10-17 18:27:32,945 - INFO - 订单 658469119 状态: NEW
2024-10-17 18:27:33,211 - INFO - 订单 658469123 状态: NEW
2024-10-17 18:27:33,606 - INFO - 订单 658469128 状态: NEW
2024-10-17 18:27:33,988 - INFO - 订单 658469106 状态: NEW
2024-10-17 18:27:34,247 - INFO - 订单 658469108 状态: NEW
2024-10-17 18:27:34,542 - INFO - 订单 658469112 状态: NEW
2024-10-17 18:27:34,824 - INFO - 订单 658469119 状态: NEW
2024-10-17 18:27:35,085 - INFO - 订单 658469123 状态: NEW
2024-10-17 18:27:35,361 - INFO - 订单 658469128 状态: NEW
2024-10-17 18:27:35,758 - INFO - 订单 658469106 状态: NEW
2024-10-17 18:27:36,026 - INFO - 订单 658469108 状态: NEW
2024-10-17 18:27:36,310 - INFO - 订单 658469112 状态: NEW
2024-10-17 18:27:36,593 - INFO - 订单 658469119 状态: NEW
2024-10-17 18:27:36,874 - INFO - 订单 658469123 状态: NEW
2024-10-17 18:27:37,153 - INFO - 订单 658469128 状态: NEW
2024-10-17 18:27:37,508 - INFO - 订单 658469106 状态: NEW
2024-10-17 18:27:37,788 - INFO - 订单 658469108 状态: NEW
2024-10-17 18:27:38,073 - INFO - 订单 658469112 状态: NEW
2024-10-17 18:27:38,403 - INFO - 订单 658469119 状态: NEW
2024-10-17 18:27:38,693 - INFO - 订单 658469123 状态: NEW
2024-10-17 18:27:39,025 - INFO - 订单 658469128 状态: NEW
2024-10-17 18:27:39,443 - INFO - 订单 658469106 状态: NEW
2024-10-17 18:27:39,716 - INFO - 订单 658469108 状态: NEW
2024-10-17 18:27:39,998 - INFO - 订单 658469112 状态: NEW
2024-10-17 18:27:40,271 - INFO - 订单 658469119 状态: NEW
2024-10-17 18:27:40,541 - INFO - 订单 658469123 状态: NEW
2024-10-17 18:27:40,809 - INFO - 订单 658469128 状态: NEW
2024-10-17 18:27:41,196 - INFO - 订单 658469106 状态: NEW
2024-10-17 18:27:41,482 - INFO - 订单 658469108 状态: NEW
2024-10-17 18:27:41,750 - INFO - 订单 658469112 状态: NEW
2024-10-17 18:27:42,026 - INFO - 订单 658469119 状态: NEW
2024-10-17 18:27:42,298 - INFO - 订单 658469123 状态: NEW
2024-10-17 18:27:42,580 - INFO - 订单 658469128 状态: NEW
2024-10-17 18:27:42,959 - INFO - 订单 658469106 状态: NEW
2024-10-17 18:27:43,233 - INFO - 订单 658469108 状态: NEW
2024-10-17 18:27:43,504 - INFO - 订单 658469112 状态: NEW
2024-10-17 18:27:43,795 - INFO - 订单 658469119 状态: NEW
2024-10-17 18:27:44,078 - INFO - 订单 658469123 状态: NEW
2024-10-17 18:27:44,376 - INFO - 订单 658469128 状态: NEW
2024-10-17 18:27:44,792 - INFO - 订单 658469106 状态: NEW
2024-10-17 18:27:45,090 - INFO - 订单 658469108 状态: NEW
2024-10-17 18:27:45,412 - INFO - 订单 658469112 状态: NEW
2024-10-17 18:27:45,711 - INFO - 订单 658469119 状态: NEW
2024-10-17 18:27:46,000 - INFO - 订单 658469123 状态: NEW
2024-10-17 18:27:46,314 - INFO - 订单 658469128 状态: NEW
2024-10-17 18:27:46,706 - INFO - 订单 658469106 状态: NEW
2024-10-17 18:27:46,975 - INFO - 订单 658469108 状态: NEW
2024-10-17 18:27:47,246 - INFO - 订单 658469112 状态: NEW
2024-10-17 18:27:47,521 - INFO - 订单 658469119 状态: NEW
2024-10-17 18:27:47,776 - INFO - 订单 658469123 状态: NEW
2024-10-17 18:27:48,066 - INFO - 订单 658469128 状态: NEW
2024-10-17 18:27:48,450 - INFO - 订单 658469106 状态: NEW
2024-10-17 18:27:48,721 - INFO - 订单 658469108 状态: NEW
2024-10-17 18:27:48,989 - INFO - 订单 658469112 状态: NEW
2024-10-17 18:27:49,263 - INFO - 订单 658469119 状态: NEW
2024-10-17 18:27:49,538 - INFO - 订单 658469123 状态: NEW
2024-10-17 18:27:49,825 - INFO - 订单 658469128 状态: NEW
2024-10-17 18:27:50,206 - INFO - 订单 658469106 状态: NEW
2024-10-17 18:27:50,483 - INFO - 订单 658469108 状态: NEW
2024-10-17 18:27:50,761 - INFO - 订单 658469112 状态: NEW
2024-10-17 18:27:51,051 - INFO - 订单 658469119 状态: NEW
2024-10-17 18:27:51,321 - INFO - 订单 658469123 状态: NEW
2024-10-17 18:27:51,600 - INFO - 订单 658469128 状态: NEW
2024-10-17 18:27:51,971 - INFO - 订单 658469106 状态: NEW
2024-10-17 18:27:52,235 - INFO - 订单 658469108 状态: NEW
2024-10-17 18:27:52,515 - INFO - 订单 658469112 状态: NEW
2024-10-17 18:27:52,776 - INFO - 订单 658469119 状态: NEW
2024-10-17 18:27:53,052 - INFO - 订单 658469123 状态: NEW
2024-10-17 18:27:53,324 - INFO - 订单 658469128 状态: NEW
2024-10-17 18:27:53,700 - INFO - 订单 658469106 状态: NEW
2024-10-17 18:27:53,980 - INFO - 订单 658469108 状态: NEW
2024-10-17 18:27:54,257 - INFO - 订单 658469112 状态: NEW
2024-10-17 18:27:54,528 - INFO - 订单 658469119 状态: NEW
2024-10-17 18:27:54,811 - INFO - 订单 658469123 状态: NEW
2024-10-17 18:27:55,132 - INFO - 订单 658469128 状态: NEW
2024-10-17 18:27:55,525 - INFO - 订单 658469106 状态: NEW
2024-10-17 18:27:55,809 - INFO - 订单 658469108 状态: NEW
2024-10-17 18:27:56,101 - INFO - 订单 658469112 状态: NEW
2024-10-17 18:27:56,360 - INFO - 订单 658469119 状态: NEW
2024-10-17 18:27:56,633 - INFO - 订单 658469123 状态: NEW
2024-10-17 18:27:56,894 - INFO - 订单 658469128 状态: NEW
2024-10-17 18:27:57,293 - INFO - 订单 658469106 状态: NEW
2024-10-17 18:27:57,590 - INFO - 订单 658469108 状态: NEW
2024-10-17 18:27:57,995 - INFO - 订单 658469112 状态: NEW
2024-10-17 18:27:58,293 - INFO - 订单 658469119 状态: NEW
2024-10-17 18:27:58,582 - INFO - 订单 658469123 状态: NEW
2024-10-17 18:27:58,882 - INFO - 订单 658469128 状态: NEW
2024-10-17 18:27:59,254 - INFO - 订单 658469106 状态: NEW
2024-10-17 18:27:59,534 - INFO - 订单 658469108 状态: NEW
2024-10-17 18:27:59,808 - INFO - 订单 658469112 状态: NEW
2024-10-17 18:28:00,098 - INFO - 订单 658469119 状态: NEW
2024-10-17 18:28:00,393 - INFO - 订单 658469123 状态: NEW
2024-10-17 18:28:00,671 - INFO - 订单 658469128 状态: NEW
2024-10-17 18:28:01,035 - INFO - 订单 658469106 状态: NEW
2024-10-17 18:28:01,294 - INFO - 订单 658469108 状态: NEW
2024-10-17 18:28:01,570 - INFO - 订单 658469112 状态: NEW
2024-10-17 18:28:01,834 - INFO - 订单 658469119 状态: NEW
2024-10-17 18:28:02,101 - INFO - 订单 658469123 状态: NEW
2024-10-17 18:28:02,372 - INFO - 订单 658469128 状态: NEW
2024-10-17 18:28:02,761 - INFO - 订单 658469106 状态: NEW
2024-10-17 18:28:03,026 - INFO - 订单 658469108 状态: NEW
2024-10-17 18:28:03,457 - INFO - 订单 658469112 状态: NEW
2024-10-17 18:28:03,740 - INFO - 订单 658469119 状态: NEW
2024-10-17 18:28:04,012 - INFO - 订单 658469123 状态: NEW
2024-10-17 18:28:04,281 - INFO - 订单 658469128 状态: NEW
2024-10-17 18:28:04,658 - INFO - 订单 658469106 状态: NEW
2024-10-17 18:28:04,934 - INFO - 订单 658469108 状态: NEW
2024-10-17 18:28:05,212 - INFO - 订单 658469112 状态: NEW
2024-10-17 18:28:05,560 - INFO - 订单 658469119 状态: NEW
2024-10-17 18:28:05,831 - INFO - 订单 658469123 状态: NEW
2024-10-17 18:28:06,108 - INFO - 订单 658469128 状态: NEW
2024-10-17 18:28:06,498 - INFO - 订单 658469106 状态: NEW
2024-10-17 18:28:06,758 - INFO - 订单 658469108 状态: NEW
2024-10-17 18:28:07,029 - INFO - 订单 658469112 状态: NEW
2024-10-17 18:28:07,307 - INFO - 订单 658469119 状态: NEW
2024-10-17 18:28:07,581 - INFO - 订单 658469123 状态: NEW
2024-10-17 18:28:07,861 - INFO - 订单 658469128 状态: NEW
2024-10-17 18:28:08,214 - INFO - 订单 658469106 状态: NEW
2024-10-17 18:28:08,496 - INFO - 订单 658469108 状态: NEW
2024-10-17 18:28:08,767 - INFO - 订单 658469112 状态: NEW
2024-10-17 18:28:09,050 - INFO - 订单 658469119 状态: NEW
2024-10-17 18:28:09,326 - INFO - 订单 658469123 状态: NEW
2024-10-17 18:28:09,600 - INFO - 订单 658469128 状态: NEW
2024-10-17 18:28:09,986 - INFO - 订单 658469106 状态: NEW
2024-10-17 18:28:10,274 - INFO - 订单 658469108 状态: NEW
2024-10-17 18:28:10,542 - INFO - 订单 658469112 状态: NEW
2024-10-17 18:28:10,828 - INFO - 订单 658469119 状态: NEW
2024-10-17 18:28:11,109 - INFO - 订单 658469123 状态: NEW
2024-10-17 18:28:11,387 - INFO - 订单 658469128 状态: NEW
2024-10-17 18:28:11,778 - INFO - 订单 658469106 状态: NEW
2024-10-17 18:28:12,066 - INFO - 订单 658469108 状态: NEW
2024-10-17 18:28:12,339 - INFO - 订单 658469112 状态: NEW
2024-10-17 18:28:12,621 - INFO - 订单 658469119 状态: NEW
2024-10-17 18:28:12,911 - INFO - 订单 658469123 状态: NEW
2024-10-17 18:28:13,194 - INFO - 订单 658469128 状态: NEW
2024-10-17 18:28:13,585 - INFO - 订单 658469106 状态: NEW
2024-10-17 18:28:13,867 - INFO - 订单 658469108 状态: NEW
2024-10-17 18:28:14,149 - INFO - 订单 658469112 状态: NEW
2024-10-17 18:28:14,852 - INFO - 订单 658469119 状态: NEW
2024-10-17 18:28:16,042 - INFO - 订单 658469123 状态: NEW
2024-10-17 18:28:16,322 - INFO - 订单 658469128 状态: NEW
2024-10-17 18:28:18,032 - INFO - 订单 658469106 状态: NEW
2024-10-17 18:28:20,012 - INFO - 订单 658469108 状态: NEW
2024-10-17 18:28:21,386 - INFO - 订单 658469112 状态: NEW
2024-10-17 18:28:22,009 - INFO - 订单 658469119 状态: NEW
2024-10-17 18:28:24,545 - INFO - 订单 658469123 状态: NEW
2024-10-17 18:28:27,079 - INFO - 订单 658469128 状态: NEW
2024-10-17 18:28:28,426 - INFO - 订单 658469106 状态: NEW
2024-10-17 18:28:29,144 - INFO - 订单 658469108 状态: NEW
2024-10-17 18:28:29,407 - INFO - 订单 658469112 状态: NEW
2024-10-17 18:28:30,386 - INFO - 订单 658469119 状态: NEW
2024-10-17 18:28:30,661 - INFO - 订单 658469123 状态: NEW
2024-10-17 18:28:34,234 - INFO - 订单 658469128 状态: NEW
2024-10-17 18:28:39,017 - INFO - 订单 658469106 状态: NEW
2024-10-17 18:28:39,724 - INFO - 订单 658469108 状态: NEW
2024-10-17 18:28:45,460 - ERROR - 检查订单状态时发生错误: 'NoneType' object is not subscriptable
2024-10-17 18:28:45,460 - ERROR - 逻辑交易过程中发生错误: 'status'
2024-10-17 18:53:18,267 - INFO - 已创建 买入 订单，价格: 1.0002，数量: 5, 订单ID: 658491128
2024-10-17 18:53:18,566 - INFO - 已创建 买入 订单，价格: 1.0001，数量: 16, 订单ID: 658491130
2024-10-17 18:53:18,823 - INFO - 已创建 买入 订单，价格: 0.9999，数量: 24, 订单ID: 658491137
2024-10-17 18:53:19,078 - INFO - 已创建 买入 订单，价格: 0.9998，数量: 16, 订单ID: 658491143
2024-10-17 18:53:19,379 - INFO - 已创建 买入 订单，价格: 0.9997，数量: 8, 订单ID: 658491150
2024-10-17 18:53:19,639 - INFO - 已创建 买入 订单，价格: 0.9996，数量: 8, 订单ID: 658491154
2024-10-17 18:53:19,903 - INFO - 订单 658491128 状态: NEW
2024-10-17 18:53:20,178 - INFO - 订单 658491130 状态: NEW
2024-10-17 18:53:20,465 - INFO - 订单 658491137 状态: NEW
2024-10-17 18:53:20,735 - INFO - 订单 658491143 状态: NEW
2024-10-17 18:53:20,998 - INFO - 订单 658491150 状态: NEW
2024-10-17 18:53:21,253 - INFO - 订单 658491154 状态: NEW
2024-10-17 18:53:21,625 - INFO - 订单 658491128 状态: NEW
2024-10-17 18:53:21,891 - INFO - 订单 658491130 状态: NEW
2024-10-17 18:53:22,154 - INFO - 订单 658491137 状态: NEW
2024-10-17 18:53:22,414 - INFO - 订单 658491143 状态: NEW
2024-10-17 18:53:22,673 - INFO - 订单 658491150 状态: NEW
2024-10-17 18:53:22,933 - INFO - 订单 658491154 状态: NEW
2024-10-17 18:53:23,290 - INFO - 订单 658491128 状态: NEW
2024-10-17 18:53:23,610 - INFO - 订单 658491130 状态: NEW
2024-10-17 18:53:23,888 - INFO - 订单 658491137 状态: NEW
2024-10-17 18:53:24,165 - INFO - 订单 658491143 状态: NEW
2024-10-17 18:53:24,425 - INFO - 订单 658491150 状态: NEW
2024-10-17 18:53:24,690 - INFO - 订单 658491154 状态: NEW
2024-10-17 18:53:25,045 - INFO - 订单 658491128 状态: NEW
2024-10-17 18:53:25,295 - INFO - 订单 658491130 状态: NEW
2024-10-17 18:53:25,554 - INFO - 订单 658491137 状态: NEW
2024-10-17 18:53:25,814 - INFO - 订单 658491143 状态: NEW
2024-10-17 18:53:26,083 - INFO - 订单 658491150 状态: NEW
2024-10-17 18:53:26,381 - INFO - 订单 658491154 状态: NEW
2024-10-17 18:53:26,743 - INFO - 订单 658491128 状态: NEW
2024-10-17 18:53:27,006 - INFO - 订单 658491130 状态: NEW
2024-10-17 18:53:27,258 - INFO - 订单 658491137 状态: NEW
2024-10-17 18:53:27,523 - INFO - 订单 658491143 状态: NEW
2024-10-17 18:53:27,778 - INFO - 订单 658491150 状态: NEW
2024-10-17 18:53:28,052 - INFO - 订单 658491154 状态: NEW
2024-10-17 18:53:28,416 - INFO - 订单 658491128 状态: NEW
2024-10-17 18:53:28,669 - INFO - 订单 658491130 状态: NEW
2024-10-17 18:53:28,923 - INFO - 订单 658491137 状态: NEW
2024-10-17 18:53:29,177 - INFO - 订单 658491143 状态: NEW
2024-10-17 18:53:29,433 - INFO - 订单 658491150 状态: NEW
2024-10-17 18:53:29,688 - INFO - 订单 658491154 状态: NEW
2024-10-17 18:53:30,054 - INFO - 订单 658491128 状态: NEW
2024-10-17 18:53:30,293 - INFO - 订单 658491130 状态: NEW
2024-10-17 18:53:30,541 - INFO - 订单 658491137 状态: NEW
2024-10-17 18:53:30,935 - INFO - 订单 658491143 状态: NEW
2024-10-17 18:53:31,184 - INFO - 订单 658491150 状态: NEW
2024-10-17 18:53:31,446 - INFO - 订单 658491154 状态: NEW
2024-10-17 18:53:32,806 - INFO - 订单 658491128 状态: NEW
2024-10-17 18:53:33,942 - INFO - 订单 658491130 状态: NEW
2024-10-17 18:53:34,727 - INFO - 订单 658491137 状态: NEW
2024-10-17 18:53:35,466 - INFO - 订单 658491143 状态: NEW
2024-10-17 18:53:35,725 - INFO - 订单 658491150 状态: NEW
2024-10-17 18:53:36,004 - INFO - 订单 658491154 状态: NEW
2024-10-17 18:53:36,358 - INFO - 订单 658491128 状态: NEW
2024-10-17 18:53:37,311 - INFO - 订单 658491130 状态: NEW
2024-10-17 18:53:37,577 - INFO - 订单 658491137 状态: NEW
2024-10-17 18:53:39,463 - INFO - 订单 658491143 状态: NEW
2024-10-17 18:53:40,183 - INFO - 订单 658491150 状态: NEW
2024-10-17 18:53:41,427 - INFO - 订单 658491154 状态: NEW
2024-10-17 18:53:42,532 - INFO - 订单 658491128 状态: NEW
2024-10-17 18:53:42,769 - INFO - 订单 658491130 状态: NEW
2024-10-17 18:53:43,028 - INFO - 订单 658491137 状态: NEW
2024-10-17 18:53:43,306 - INFO - 订单 658491143 状态: NEW
2024-10-17 18:53:43,583 - INFO - 订单 658491150 状态: NEW
2024-10-17 18:53:43,852 - INFO - 订单 658491154 状态: NEW
2024-10-17 18:53:44,243 - INFO - 订单 658491128 状态: NEW
2024-10-17 18:53:44,508 - INFO - 订单 658491130 状态: NEW
2024-10-17 18:53:44,789 - INFO - 订单 658491137 状态: NEW
2024-10-17 18:53:45,043 - INFO - 订单 658491143 状态: NEW
2024-10-17 18:53:45,310 - INFO - 订单 658491150 状态: NEW
2024-10-17 18:53:45,571 - INFO - 订单 658491154 状态: NEW
2024-10-17 18:53:45,934 - INFO - 订单 658491128 状态: NEW
2024-10-17 18:53:46,196 - INFO - 订单 658491130 状态: NEW
2024-10-17 18:53:46,442 - INFO - 订单 658491137 状态: NEW
2024-10-17 18:53:46,717 - INFO - 订单 658491143 状态: NEW
2024-10-17 18:53:46,988 - INFO - 订单 658491150 状态: NEW
2024-10-17 18:53:47,250 - INFO - 订单 658491154 状态: NEW
2024-10-17 18:53:47,595 - INFO - 订单 658491128 状态: NEW
2024-10-17 18:53:47,850 - INFO - 订单 658491130 状态: NEW
2024-10-17 18:53:48,125 - INFO - 订单 658491137 状态: NEW
2024-10-17 18:53:48,399 - INFO - 订单 658491143 状态: NEW
2024-10-17 18:53:48,658 - INFO - 订单 658491150 状态: NEW
2024-10-17 18:53:48,916 - INFO - 订单 658491154 状态: NEW
2024-10-17 18:53:49,278 - INFO - 订单 658491128 状态: NEW
2024-10-17 18:53:49,545 - INFO - 订单 658491130 状态: NEW
2024-10-17 18:53:49,816 - INFO - 订单 658491137 状态: NEW
2024-10-17 18:53:50,040 - INFO - 订单 658491143 状态: NEW
2024-10-17 18:53:50,296 - INFO - 订单 658491150 状态: NEW
2024-10-17 18:53:50,547 - INFO - 订单 658491154 状态: NEW
2024-10-17 18:53:50,882 - INFO - 订单 658491128 状态: NEW
2024-10-17 18:53:51,134 - INFO - 订单 658491130 状态: NEW
2024-10-17 18:53:51,407 - INFO - 订单 658491137 状态: NEW
2024-10-17 18:53:51,661 - INFO - 订单 658491143 状态: NEW
2024-10-17 18:53:51,916 - INFO - 订单 658491150 状态: NEW
2024-10-17 18:53:52,179 - INFO - 订单 658491154 状态: NEW
2024-10-17 18:53:52,527 - INFO - 订单 658491128 状态: NEW
2024-10-17 18:53:52,782 - INFO - 订单 658491130 状态: NEW
2024-10-17 18:53:53,023 - INFO - 订单 658491137 状态: NEW
2024-10-17 18:53:53,281 - INFO - 订单 658491143 状态: NEW
2024-10-17 18:53:53,534 - INFO - 订单 658491150 状态: NEW
2024-10-17 18:53:53,814 - INFO - 订单 658491154 状态: NEW
2024-10-17 18:53:54,199 - INFO - 订单 658491128 状态: NEW
2024-10-17 18:53:54,439 - INFO - 订单 658491130 状态: NEW
2024-10-17 18:53:54,701 - INFO - 订单 658491137 状态: NEW
2024-10-17 18:53:54,969 - INFO - 订单 658491143 状态: NEW
2024-10-17 18:53:55,216 - INFO - 订单 658491150 状态: NEW
2024-10-17 18:53:55,486 - INFO - 订单 658491154 状态: NEW
2024-10-17 18:53:55,844 - INFO - 订单 658491128 状态: NEW
2024-10-17 18:53:56,110 - INFO - 订单 658491130 状态: NEW
2024-10-17 18:53:56,378 - INFO - 订单 658491137 状态: NEW
2024-10-17 18:53:56,635 - INFO - 订单 658491143 状态: NEW
2024-10-17 18:53:56,889 - INFO - 订单 658491150 状态: NEW
2024-10-17 18:53:57,177 - INFO - 订单 658491154 状态: NEW
2024-10-17 18:53:57,549 - INFO - 订单 658491128 状态: NEW
2024-10-17 18:53:57,843 - INFO - 订单 658491130 状态: NEW
2024-10-17 18:53:58,122 - INFO - 订单 658491137 状态: NEW
2024-10-17 18:53:58,388 - INFO - 订单 658491143 状态: NEW
2024-10-17 18:53:58,644 - INFO - 订单 658491150 状态: NEW
2024-10-17 18:53:58,901 - INFO - 订单 658491154 状态: NEW
2024-10-17 18:53:59,262 - INFO - 订单 658491128 状态: NEW
2024-10-17 18:53:59,515 - INFO - 订单 658491130 状态: NEW
2024-10-17 18:53:59,790 - INFO - 订单 658491137 状态: NEW
2024-10-17 18:54:00,071 - INFO - 订单 658491143 状态: NEW
2024-10-17 18:54:00,314 - INFO - 订单 658491150 状态: NEW
2024-10-17 18:54:00,573 - INFO - 订单 658491154 状态: NEW
2024-10-17 18:54:00,948 - INFO - 订单 658491128 状态: NEW
2024-10-17 18:54:01,193 - INFO - 订单 658491130 状态: NEW
2024-10-17 18:54:01,439 - INFO - 订单 658491137 状态: NEW
2024-10-17 18:54:01,711 - INFO - 订单 658491143 状态: NEW
2024-10-17 18:54:01,986 - INFO - 订单 658491150 状态: NEW
2024-10-17 18:54:02,277 - INFO - 订单 658491154 状态: NEW
2024-10-17 18:54:02,629 - INFO - 订单 658491128 状态: NEW
2024-10-17 18:54:02,886 - INFO - 订单 658491130 状态: NEW
2024-10-17 18:54:03,128 - INFO - 订单 658491137 状态: NEW
2024-10-17 18:54:03,380 - INFO - 订单 658491143 状态: NEW
2024-10-17 18:54:03,641 - INFO - 订单 658491150 状态: NEW
2024-10-17 18:54:03,893 - INFO - 订单 658491154 状态: NEW
2024-10-17 18:54:04,258 - INFO - 订单 658491128 状态: NEW
2024-10-17 18:54:04,547 - INFO - 订单 658491130 状态: NEW
2024-10-17 18:54:04,805 - INFO - 订单 658491137 状态: NEW
2024-10-17 18:54:05,066 - INFO - 订单 658491143 状态: NEW
2024-10-17 18:54:05,323 - INFO - 订单 658491150 状态: NEW
2024-10-17 18:54:05,588 - INFO - 订单 658491154 状态: NEW
2024-10-17 18:54:05,937 - INFO - 订单 658491128 状态: NEW
2024-10-17 18:54:06,201 - INFO - 订单 658491130 状态: NEW
2024-10-17 18:54:06,484 - INFO - 订单 658491137 状态: NEW
2024-10-17 18:54:06,750 - INFO - 订单 658491143 状态: NEW
2024-10-17 18:54:07,020 - INFO - 订单 658491150 状态: NEW
2024-10-17 18:54:07,280 - INFO - 订单 658491154 状态: NEW
2024-10-17 18:54:07,619 - INFO - 订单 658491128 状态: NEW
2024-10-17 18:54:07,868 - INFO - 订单 658491130 状态: NEW
2024-10-17 18:54:08,126 - INFO - 订单 658491137 状态: NEW
2024-10-17 18:54:08,389 - INFO - 订单 658491143 状态: NEW
2024-10-17 18:54:08,655 - INFO - 订单 658491150 状态: NEW
2024-10-17 18:54:08,924 - INFO - 订单 658491154 状态: NEW
2024-10-17 18:54:09,275 - INFO - 订单 658491128 状态: NEW
2024-10-17 18:54:09,518 - INFO - 订单 658491130 状态: NEW
2024-10-17 18:54:09,758 - INFO - 订单 658491137 状态: NEW
2024-10-17 18:54:10,018 - INFO - 订单 658491143 状态: NEW
2024-10-17 18:54:10,283 - INFO - 订单 658491150 状态: NEW
2024-10-17 18:54:10,536 - INFO - 订单 658491154 状态: NEW
2024-10-17 18:54:10,895 - INFO - 订单 658491128 状态: NEW
2024-10-17 18:54:11,175 - INFO - 订单 658491130 状态: NEW
2024-10-17 18:54:11,441 - INFO - 订单 658491137 状态: NEW
2024-10-17 18:54:11,715 - INFO - 订单 658491143 状态: NEW
2024-10-17 18:54:11,983 - INFO - 订单 658491150 状态: NEW
2024-10-17 18:54:12,249 - INFO - 订单 658491154 状态: NEW
2024-10-17 18:54:12,609 - INFO - 订单 658491128 状态: NEW
2024-10-17 18:54:12,850 - INFO - 订单 658491130 状态: NEW
2024-10-17 18:54:13,146 - INFO - 订单 658491137 状态: NEW
2024-10-17 18:54:13,415 - INFO - 订单 658491143 状态: NEW
2024-10-17 18:54:13,672 - INFO - 订单 658491150 状态: NEW
2024-10-17 18:54:13,932 - INFO - 订单 658491154 状态: NEW
2024-10-17 18:54:14,291 - INFO - 订单 658491128 状态: NEW
2024-10-17 18:54:14,544 - INFO - 订单 658491130 状态: NEW
2024-10-17 18:54:14,820 - INFO - 订单 658491137 状态: NEW
2024-10-17 18:54:15,120 - INFO - 订单 658491143 状态: NEW
2024-10-17 18:54:15,389 - INFO - 订单 658491150 状态: NEW
2024-10-17 18:54:15,644 - INFO - 订单 658491154 状态: NEW
2024-10-17 18:54:16,012 - INFO - 订单 658491128 状态: NEW
2024-10-17 18:54:16,305 - INFO - 订单 658491130 状态: NEW
2024-10-17 18:54:16,564 - INFO - 订单 658491137 状态: NEW
2024-10-17 18:54:16,854 - INFO - 订单 658491143 状态: NEW
2024-10-17 18:54:17,121 - INFO - 订单 658491150 状态: NEW
2024-10-17 18:54:17,379 - INFO - 订单 658491154 状态: NEW
2024-10-17 18:54:17,848 - INFO - 订单 658491128 状态: NEW
2024-10-17 18:54:18,122 - INFO - 订单 658491130 状态: NEW
2024-10-17 18:54:18,388 - INFO - 订单 658491137 状态: NEW
2024-10-17 18:54:18,642 - INFO - 订单 658491143 状态: NEW
2024-10-17 18:54:18,897 - INFO - 订单 658491150 状态: NEW
2024-10-17 18:54:19,204 - INFO - 订单 658491154 状态: NEW
2024-10-17 18:54:19,575 - INFO - 订单 658491128 状态: NEW
2024-10-17 18:54:19,821 - INFO - 订单 658491130 状态: NEW
2024-10-17 18:54:20,076 - INFO - 订单 658491137 状态: NEW
2024-10-17 18:54:20,343 - INFO - 订单 658491143 状态: NEW
2024-10-17 18:54:20,599 - INFO - 订单 658491150 状态: NEW
2024-10-17 18:54:20,850 - INFO - 订单 658491154 状态: NEW
2024-10-17 18:54:21,226 - INFO - 订单 658491128 状态: NEW
2024-10-17 18:54:21,489 - INFO - 订单 658491130 状态: NEW
2024-10-17 18:54:21,754 - INFO - 订单 658491137 状态: NEW
2024-10-17 18:54:22,017 - INFO - 订单 658491143 状态: NEW
2024-10-17 18:54:22,313 - INFO - 订单 658491150 状态: NEW
2024-10-17 18:54:22,581 - INFO - 订单 658491154 状态: NEW
2024-10-17 18:54:22,954 - INFO - 订单 658491128 状态: NEW
2024-10-17 18:54:23,226 - INFO - 订单 658491130 状态: NEW
2024-10-17 18:54:23,467 - INFO - 订单 658491137 状态: NEW
2024-10-17 18:54:23,707 - INFO - 订单 658491143 状态: NEW
2024-10-17 18:54:23,976 - INFO - 订单 658491150 状态: NEW
2024-10-17 18:54:24,226 - INFO - 订单 658491154 状态: NEW
2024-10-17 18:54:24,576 - INFO - 订单 658491128 状态: NEW
2024-10-17 18:54:24,815 - INFO - 订单 658491130 状态: NEW
2024-10-17 18:54:25,080 - INFO - 订单 658491137 状态: NEW
2024-10-17 18:54:25,343 - INFO - 订单 658491143 状态: NEW
2024-10-17 18:54:25,609 - INFO - 订单 658491150 状态: NEW
2024-10-17 18:54:25,890 - INFO - 订单 658491154 状态: NEW
2024-10-17 18:54:26,254 - INFO - 订单 658491128 状态: NEW
2024-10-17 18:54:26,510 - INFO - 订单 658491130 状态: NEW
2024-10-17 18:54:26,783 - INFO - 订单 658491137 状态: NEW
2024-10-17 18:54:27,035 - INFO - 订单 658491143 状态: NEW
2024-10-17 18:54:27,319 - INFO - 订单 658491150 状态: NEW
2024-10-17 18:54:27,570 - INFO - 订单 658491154 状态: NEW
2024-10-17 18:54:27,935 - INFO - 订单 658491128 状态: NEW
2024-10-17 18:54:28,188 - INFO - 订单 658491130 状态: NEW
2024-10-17 18:54:28,444 - INFO - 订单 658491137 状态: NEW
2024-10-17 18:54:28,703 - INFO - 订单 658491143 状态: NEW
2024-10-17 18:54:28,962 - INFO - 订单 658491150 状态: NEW
2024-10-17 18:54:29,224 - INFO - 订单 658491154 状态: NEW
2024-10-17 18:54:29,580 - INFO - 订单 658491128 状态: NEW
2024-10-17 18:54:29,854 - INFO - 订单 658491130 状态: NEW
2024-10-17 18:54:30,129 - INFO - 订单 658491137 状态: NEW
2024-10-17 18:54:30,396 - INFO - 订单 658491143 状态: NEW
2024-10-17 18:54:30,664 - INFO - 订单 658491150 状态: NEW
2024-10-17 18:54:31,059 - INFO - 订单 658491154 状态: NEW
2024-10-17 18:54:31,429 - INFO - 订单 658491128 状态: NEW
2024-10-17 18:54:31,706 - INFO - 订单 658491130 状态: NEW
2024-10-17 18:54:31,954 - INFO - 订单 658491137 状态: NEW
2024-10-17 18:54:32,198 - INFO - 订单 658491143 状态: NEW
2024-10-17 18:54:32,455 - INFO - 订单 658491150 状态: NEW
2024-10-17 18:54:32,726 - INFO - 订单 658491154 状态: NEW
2024-10-17 18:54:33,084 - INFO - 订单 658491128 状态: NEW
2024-10-17 18:54:33,322 - INFO - 订单 658491130 状态: NEW
2024-10-17 18:54:33,571 - INFO - 订单 658491137 状态: NEW
2024-10-17 18:54:33,818 - INFO - 订单 658491143 状态: NEW
2024-10-17 18:54:34,085 - INFO - 订单 658491150 状态: NEW
2024-10-17 18:54:34,333 - INFO - 订单 658491154 状态: NEW
2024-10-17 18:54:34,702 - INFO - 订单 658491128 状态: NEW
2024-10-17 18:54:34,955 - INFO - 订单 658491130 状态: NEW
2024-10-17 18:54:35,210 - INFO - 订单 658491137 状态: NEW
2024-10-17 18:54:35,585 - INFO - 订单 658491143 状态: NEW
2024-10-17 18:54:36,841 - INFO - 订单 658491150 状态: NEW
2024-10-17 18:54:37,091 - INFO - 订单 658491154 状态: NEW
2024-10-17 18:54:37,458 - INFO - 订单 658491128 状态: NEW
2024-10-17 18:54:37,712 - INFO - 订单 658491130 状态: NEW
2024-10-17 18:54:37,978 - INFO - 订单 658491137 状态: NEW
2024-10-17 18:54:38,215 - INFO - 订单 658491143 状态: NEW
2024-10-17 18:54:38,473 - INFO - 订单 658491150 状态: NEW
2024-10-17 18:54:38,739 - INFO - 订单 658491154 状态: NEW
2024-10-17 18:54:39,114 - INFO - 订单 658491128 状态: NEW
2024-10-17 18:54:39,362 - INFO - 订单 658491130 状态: NEW
2024-10-17 18:54:39,609 - INFO - 订单 658491137 状态: NEW
2024-10-17 18:54:39,872 - INFO - 订单 658491143 状态: NEW
2024-10-17 18:54:40,125 - INFO - 订单 658491150 状态: NEW
2024-10-17 18:54:40,374 - INFO - 订单 658491154 状态: NEW
2024-10-17 18:54:40,726 - INFO - 订单 658491128 状态: NEW
2024-10-17 18:54:41,000 - INFO - 订单 658491130 状态: NEW
2024-10-17 18:54:41,274 - INFO - 订单 658491137 状态: NEW
2024-10-17 18:54:41,531 - INFO - 订单 658491143 状态: NEW
2024-10-17 18:54:41,795 - INFO - 订单 658491150 状态: NEW
2024-10-17 18:54:42,053 - INFO - 订单 658491154 状态: NEW
2024-10-17 18:54:42,410 - INFO - 订单 658491128 状态: NEW
2024-10-17 18:54:42,672 - INFO - 订单 658491130 状态: NEW
2024-10-17 18:54:42,928 - INFO - 订单 658491137 状态: NEW
2024-10-17 18:54:43,186 - INFO - 订单 658491143 状态: NEW
2024-10-17 18:54:43,439 - INFO - 订单 658491150 状态: NEW
2024-10-17 18:54:43,700 - INFO - 订单 658491154 状态: NEW
2024-10-17 18:54:44,054 - INFO - 订单 658491128 状态: NEW
2024-10-17 18:54:44,314 - INFO - 订单 658491130 状态: NEW
2024-10-17 18:54:44,576 - INFO - 订单 658491137 状态: NEW
2024-10-17 18:54:44,820 - INFO - 订单 658491143 状态: NEW
2024-10-17 18:54:45,200 - INFO - 订单 658491150 状态: NEW
2024-10-17 18:54:45,454 - INFO - 订单 658491154 状态: NEW
2024-10-17 18:54:46,292 - INFO - 订单 658491128 状态: NEW
2024-10-17 18:54:46,586 - INFO - 订单 658491130 状态: NEW
2024-10-17 18:54:46,860 - INFO - 订单 658491137 状态: NEW
2024-10-17 18:54:47,121 - INFO - 订单 658491143 状态: NEW
2024-10-17 18:54:47,380 - INFO - 订单 658491150 状态: NEW
2024-10-17 18:54:47,633 - INFO - 订单 658491154 状态: NEW
2024-10-17 18:54:47,989 - INFO - 订单 658491128 状态: NEW
2024-10-17 18:54:48,249 - INFO - 订单 658491130 状态: NEW
2024-10-17 18:54:48,495 - INFO - 订单 658491137 状态: NEW
2024-10-17 18:54:48,736 - INFO - 订单 658491143 状态: NEW
2024-10-17 18:54:48,990 - INFO - 订单 658491150 状态: NEW
2024-10-17 18:54:49,253 - INFO - 订单 658491154 状态: NEW
2024-10-17 18:54:49,610 - INFO - 订单 658491128 状态: NEW
2024-10-17 18:54:49,890 - INFO - 订单 658491130 状态: NEW
2024-10-17 18:54:50,155 - INFO - 订单 658491137 状态: NEW
2024-10-17 18:54:56,455 - ERROR - 检查订单状态时发生错误: 'NoneType' object is not subscriptable
2024-10-17 18:54:56,455 - ERROR - 逻辑交易过程中发生错误: 'status'
